This is pdfTeX, Version 3.14159265-2.6-1.40.17 (MiKTeX 2.9 64-bit) (preloaded format=pdflatex 2016.7.12)  27 JUL 2016 16:56
entering extended mode
**./stem11.tex
(stem11.tex
LaTeX2e <2016/03/31>
Babel <3.9r> and hyphenation patterns for 75 language(s) loaded.

("C:\Users\r.alishev\AppData\Local\Programs\MiKTeX 2.9\tex\latex\amscls\amsart.
cls"
Document Class: amsart 2015/03/04 v2.20.2
\linespacing=\dimen102
\normalparindent=\dimen103
\normaltopskip=\skip41

("C:\Users\r.alishev\AppData\Local\Programs\MiKTeX 2.9\tex\latex\amsmath\amsmat
h.sty"
Package: amsmath 2016/03/10 v2.15b AMS math features
\@mathmargin=\skip42

For additional information on amsmath, use the `?' option.

("C:\Users\r.alishev\AppData\Local\Programs\MiKTeX 2.9\tex\latex\amsmath\amstex
t.sty"
Package: amstext 2000/06/29 v2.01 AMS text

("C:\Users\r.alishev\AppData\Local\Programs\MiKTeX 2.9\tex\latex\amsmath\amsgen
.sty"
File: amsgen.sty 1999/11/30 v2.0 generic functions
\@emptytoks=\toks14
\ex@=\dimen104
))
("C:\Users\r.alishev\AppData\Local\Programs\MiKTeX 2.9\tex\latex\amsmath\amsbsy
.sty"
Package: amsbsy 1999/11/29 v1.2d Bold Symbols
\pmbraise@=\dimen105
)
("C:\Users\r.alishev\AppData\Local\Programs\MiKTeX 2.9\tex\latex\amsmath\amsopn
.sty"
Package: amsopn 2016/03/08 v2.02 operator names
)
\inf@bad=\count79
LaTeX Info: Redefining \frac on input line 199.
\uproot@=\count80
\leftroot@=\count81
LaTeX Info: Redefining \overline on input line 297.
\classnum@=\count82
\DOTSCASE@=\count83
LaTeX Info: Redefining \ldots on input line 394.
LaTeX Info: Redefining \dots on input line 397.
LaTeX Info: Redefining \cdots on input line 518.
\Mathstrutbox@=\box26
\strutbox@=\box27
\big@size=\dimen106
LaTeX Font Info:    Redeclaring font encoding OML on input line 634.
LaTeX Font Info:    Redeclaring font encoding OMS on input line 635.
\macc@depth=\count84
\c@MaxMatrixCols=\count85
\dotsspace@=\muskip10
\c@parentequation=\count86
\dspbrk@lvl=\count87
\tag@help=\toks15
\row@=\count88
\column@=\count89
\maxfields@=\count90
\andhelp@=\toks16
\eqnshift@=\dimen107
\alignsep@=\dimen108
\tagshift@=\dimen109
\tagwidth@=\dimen110
\totwidth@=\dimen111
\lineht@=\dimen112
\@envbody=\toks17
\multlinegap=\skip43
\multlinetaggap=\skip44
\mathdisplay@stack=\toks18
LaTeX Info: Redefining \[ on input line 2739.
LaTeX Info: Redefining \] on input line 2740.
)
LaTeX Font Info:    Try loading font information for U+msa on input line 388.

("C:\Users\r.alishev\AppData\Local\Programs\MiKTeX 2.9\tex\latex\amsfonts\umsa.
fd"
File: umsa.fd 2013/01/14 v3.01 AMS symbols A
)
("C:\Users\r.alishev\AppData\Local\Programs\MiKTeX 2.9\tex\latex\amsfonts\amsfo
nts.sty"
Package: amsfonts 2013/01/14 v3.01 Basic AMSFonts support
\symAMSa=\mathgroup4
\symAMSb=\mathgroup5
LaTeX Font Info:    Overwriting math alphabet `\mathfrak' in version `bold'
(Font)                  U/euf/m/n --> U/euf/b/n on input line 106.
)
\copyins=\insert199
\abstractbox=\box28
\listisep=\skip45
\c@part=\count91
\c@section=\count92
\c@subsection=\count93
\c@subsubsection=\count94
\c@paragraph=\count95
\c@subparagraph=\count96
\c@figure=\count97
\c@table=\count98
\abovecaptionskip=\skip46
\belowcaptionskip=\skip47
\captionindent=\dimen113
\thm@style=\toks19
\thm@bodyfont=\toks20
\thm@headfont=\toks21
\thm@notefont=\toks22
\thm@headpunct=\toks23
\thm@preskip=\skip48
\thm@postskip=\skip49
\thm@headsep=\skip50
\dth@everypar=\toks24
) (osnova.sty
("C:\Users\r.alishev\AppData\Local\Programs\MiKTeX 2.9\tex\latex\base\fontenc.s
ty"
Package: fontenc 2005/09/27 v1.99g Standard LaTeX package

("C:\Users\r.alishev\AppData\Local\Programs\MiKTeX 2.9\tex\latex\cyrillic\t2aen
c.def"
File: t2aenc.def 2005/09/27 v1.0i Cyrillic encoding definition file
)
LaTeX Font Info:    Try loading font information for T2A+cmr on input line 105.


("C:\Users\r.alishev\AppData\Local\Programs\MiKTeX 2.9\tex\latex\cyrillic\t2acm
r.fd"
File: t2acmr.fd 2001/08/11 v1.0a Computer Modern Cyrillic font definitions
))
("C:\Users\r.alishev\AppData\Local\Programs\MiKTeX 2.9\tex\latex\base\inputenc.
sty"
Package: inputenc 2015/03/17 v1.2c Input encoding file
\inpenc@prehook=\toks25
\inpenc@posthook=\toks26

("C:\Users\r.alishev\AppData\Local\Programs\MiKTeX 2.9\tex\latex\cyrillic\cp125
1.def"
File: cp1251.def 2014/10/28 v1.0d Input encoding file
))
("C:\Users\r.alishev\AppData\Local\Programs\MiKTeX 2.9\tex\generic\babel\babel.
sty"
Package: babel 2016/04/23 3.9r The Babel package

*************************************
* Local config file bblopts.cfg used
*

("C:\Users\r.alishev\AppData\Local\Programs\MiKTeX 2.9\tex\latex\arabi\bblopts.
cfg"
File: bblopts.cfg 2005/09/08 v0.1 add Arabic and Farsi to "declared" options of
 babel
)
("C:\Users\r.alishev\AppData\Local\Programs\MiKTeX 2.9\tex\latex\babel-russian\
russianb.ldf"
Language: russianb 2016/02/18 1.3h Russian support for the Babel system

("C:\Users\r.alishev\AppData\Local\Programs\MiKTeX 2.9\tex\generic\babel\babel.
def"
File: babel.def 2016/04/23 3.9r Babel common definitions
\babel@savecnt=\count99
\U@D=\dimen114
)
Package babel Info: Making " an active character on input line 111.
))
("C:\Users\r.alishev\AppData\Local\Programs\MiKTeX 2.9\tex\latex\amsfonts\amssy
mb.sty"
Package: amssymb 2013/01/14 v3.01 AMS font symbols
)
("C:\Users\r.alishev\AppData\Local\Programs\MiKTeX 2.9\tex\latex\graphics\graph
icx.sty"
Package: graphicx 2014/10/28 v1.0g Enhanced LaTeX Graphics (DPC,SPQR)

("C:\Users\r.alishev\AppData\Local\Programs\MiKTeX 2.9\tex\latex\graphics\keyva
l.sty"
Package: keyval 2014/10/28 v1.15 key=value parser (DPC)
\KV@toks@=\toks27
)
("C:\Users\r.alishev\AppData\Local\Programs\MiKTeX 2.9\tex\latex\graphics\graph
ics.sty"
Package: graphics 2016/05/09 v1.0r Standard LaTeX Graphics (DPC,SPQR)

("C:\Users\r.alishev\AppData\Local\Programs\MiKTeX 2.9\tex\latex\graphics\trig.
sty"
Package: trig 2016/01/03 v1.10 sin cos tan (DPC)
)
("C:\Users\r.alishev\AppData\Local\Programs\MiKTeX 2.9\tex\latex\00miktex\graph
ics.cfg"
File: graphics.cfg 2016/01/02 v1.10 sample graphics configuration
)
Package graphics Info: Driver file: pdftex.def on input line 96.

("C:\Users\r.alishev\AppData\Local\Programs\MiKTeX 2.9\tex\latex\graphics-def\p
dftex.def"
File: pdftex.def 2016/07/01 v0.06i Graphics/color for pdfTeX

("C:\Users\r.alishev\AppData\Local\Programs\MiKTeX 2.9\tex\generic\oberdiek\inf
warerr.sty"
Package: infwarerr 2016/05/16 v1.4 Providing info/warning/error messages (HO)
)
("C:\Users\r.alishev\AppData\Local\Programs\MiKTeX 2.9\tex\generic\oberdiek\ltx
cmds.sty"
Package: ltxcmds 2016/05/16 v1.23 LaTeX kernel commands for general use (HO)
)
\Gread@gobject=\count100
))
\Gin@req@height=\dimen115
\Gin@req@width=\dimen116
)
\c@z=\count101
\c@p=\count102
\c@a=\count103
\c@b=\count104
\c@c=\count105
\c@v=\count106
\cellsize=\dimen117
\lwidth=\dimen118
) (wrapfig.sty
\wrapoverhang=\dimen119
\WF@size=\dimen120
\c@WF@wrappedlines=\count107
\WF@box=\box29
\WF@everypar=\toks28
Package: wrapfig 2003/01/31  v 3.6
) (stem11.aux (test0.aux) (pt1.aux) (pt2.aux)
(probability.aux) (geom1.aux) (geom2.aux))
\openout1 = `stem11.aux'.

LaTeX Font Info:    Checking defaults for OML/cmm/m/it on input line 21.
LaTeX Font Info:    ... okay on input line 21.
LaTeX Font Info:    Checking defaults for T1/cmr/m/n on input line 21.
LaTeX Font Info:    ... okay on input line 21.
LaTeX Font Info:    Checking defaults for OT1/cmr/m/n on input line 21.
LaTeX Font Info:    ... okay on input line 21.
LaTeX Font Info:    Checking defaults for OMS/cmsy/m/n on input line 21.
LaTeX Font Info:    ... okay on input line 21.
LaTeX Font Info:    Checking defaults for OMX/cmex/m/n on input line 21.
LaTeX Font Info:    ... okay on input line 21.
LaTeX Font Info:    Checking defaults for U/cmr/m/n on input line 21.
LaTeX Font Info:    ... okay on input line 21.
LaTeX Font Info:    Checking defaults for T2A/cmr/m/n on input line 21.
LaTeX Font Info:    ... okay on input line 21.
LaTeX Font Info:    Try loading font information for U+msa on input line 21.

("C:\Users\r.alishev\AppData\Local\Programs\MiKTeX 2.9\tex\latex\amsfonts\umsa.
fd"
File: umsa.fd 2013/01/14 v3.01 AMS symbols A
)
LaTeX Font Info:    Try loading font information for U+msb on input line 21.

("C:\Users\r.alishev\AppData\Local\Programs\MiKTeX 2.9\tex\latex\amsfonts\umsb.
fd"
File: umsb.fd 2013/01/14 v3.01 AMS symbols B
)
("C:\Users\r.alishev\AppData\Local\Programs\MiKTeX 2.9\tex\context\base\supp-pd
f.mkii"
[Loading MPS to PDF converter (version 2006.09.02).]
\scratchcounter=\count108
\scratchdimen=\dimen121
\scratchbox=\box30
\nofMPsegments=\count109
\nofMParguments=\count110
\everyMPshowfont=\toks29
\MPscratchCnt=\count111
\MPscratchDim=\dimen122
\MPnumerator=\count112
\makeMPintoPDFobject=\count113
\everyMPtoPDFconversion=\toks30
)
("C:\Users\r.alishev\AppData\Local\Programs\MiKTeX 2.9\tex\generic\oberdiek\pdf
texcmds.sty"
Package: pdftexcmds 2016/05/21 v0.22 Utility functions of pdfTeX for LuaTeX (HO
)

("C:\Users\r.alishev\AppData\Local\Programs\MiKTeX 2.9\tex\generic\oberdiek\ifl
uatex.sty"
Package: ifluatex 2016/05/16 v1.4 Provides the ifluatex switch (HO)
Package ifluatex Info: LuaTeX not detected.
)
("C:\Users\r.alishev\AppData\Local\Programs\MiKTeX 2.9\tex\generic\oberdiek\ifp
df.sty"
Package: ifpdf 2016/05/14 v3.1 Provides the ifpdf switch
)
Package pdftexcmds Info: LuaTeX not detected.
Package pdftexcmds Info: \pdf@primitive is available.
Package pdftexcmds Info: \pdf@ifprimitive is available.
Package pdftexcmds Info: \pdfdraftmode found.
)
("C:\Users\r.alishev\AppData\Local\Programs\MiKTeX 2.9\tex\latex\oberdiek\epsto
pdf-base.sty"
Package: epstopdf-base 2016/05/15 v2.6 Base part for package epstopdf

("C:\Users\r.alishev\AppData\Local\Programs\MiKTeX 2.9\tex\latex\oberdiek\grfex
t.sty"
Package: grfext 2016/05/16 v1.2 Manage graphics extensions (HO)

("C:\Users\r.alishev\AppData\Local\Programs\MiKTeX 2.9\tex\generic\oberdiek\kvd
efinekeys.sty"
Package: kvdefinekeys 2016/05/16 v1.4 Define keys (HO)
))
("C:\Users\r.alishev\AppData\Local\Programs\MiKTeX 2.9\tex\latex\oberdiek\kvopt
ions.sty"
Package: kvoptions 2016/05/16 v3.12 Key value format for package options (HO)

("C:\Users\r.alishev\AppData\Local\Programs\MiKTeX 2.9\tex\generic\oberdiek\kvs
etkeys.sty"
Package: kvsetkeys 2016/05/16 v1.17 Key value parser (HO)

("C:\Users\r.alishev\AppData\Local\Programs\MiKTeX 2.9\tex\generic\oberdiek\ete
xcmds.sty"
Package: etexcmds 2016/05/16 v1.6 Avoid name clashes with e-TeX commands (HO)
Package etexcmds Info: Could not find \expanded.
(etexcmds)             That can mean that you are not using pdfTeX 1.50 or
(etexcmds)             that some package has redefined \expanded.
(etexcmds)             In the latter case, load this package earlier.
)))
Package epstopdf-base Info: Redefining graphics rule for `.eps' on input line 4
38.
Package grfext Info: Graphics extension search list:
(grfext)             [.png,.pdf,.jpg,.mps,.jpeg,.jbig2,.jb2,.PNG,.PDF,.JPG,.JPE
G,.JBIG2,.JB2,.eps]
(grfext)             \AppendGraphicsExtensions on input line 456.
) [1{C:/Users/r.alishev/AppData/Local/MiKTeX/2.9/pdftex/config/pdftex.map}] (st
em11.toc)
\tf@toc=\write3
\openout3 = `stem11.toc'.

 [2]
\openout2 = `test0.aux'.

 (test0.tex
<28765.png, id=14, 567.11874pt x 444.66125pt>
File: 28765.png Graphic file (type png)
 <use 28765.png>
Package pdftex.def Info: 28765.png used on input line 9.
(pdftex.def)             Requested size: 340.27386pt x 266.7988pt.

<22301.png, id=15, 186.28215pt x 101.178pt>
File: 22301.png Graphic file (type png)
 <use 22301.png>
Package pdftex.def Info: 22301.png used on input line 12.
(pdftex.def)             Requested size: 223.53743pt x 121.41296pt.

<54505.jpg, id=17, 169.38281pt x 173.89969pt>
File: 54505.jpg Graphic file (type jpg)
 <use 54505.jpg>
Package pdftex.def Info: 54505.jpg used on input line 20.
(pdftex.def)             Requested size: 169.38239pt x 173.89925pt.

Overfull \hbox (14.93709pt too wide) in paragraph at lines 20--20
[][][]| 
 []


Underfull \vbox (badness 1394) has occurred while \output is active []

 [3

 <./28765.png> <./22301.png>] <317547.png, id=26, 278.03876pt x 244.915pt>
File: 317547.png Graphic file (type png)

<use 317547.png>
Package pdftex.def Info: 317547.png used on input line 24.
(pdftex.def)             Requested size: 278.03807pt x 244.91438pt.
 <26566.jpg, id=27, 164.86594pt x 133.24782pt>
File: 26566.jpg Graphic file (type jpg)
 <use 26566.jpg>
Package pdftex.def Info: 26566.jpg used on input line 27.
(pdftex.def)             Requested size: 164.86551pt x 133.24748pt.

Overfull \hbox (14.93709pt too wide) in paragraph at lines 27--27
[][][]| 
 []


Overfull \hbox (4.55862pt too wide) in paragraph at lines 34--34
[]\T2A/cmr/bx/n/12 10.| 
 []


Overfull \hbox (4.55862pt too wide) in paragraph at lines 36--36
[]\T2A/cmr/bx/n/12 11.| 
 []

[4 <./54505.jpg> <./317547.png> <./26566.jpg>]
Overfull \hbox (4.55862pt too wide) in paragraph at lines 38--38
[]\T2A/cmr/bx/n/12 12.| 
 []


Overfull \hbox (4.55862pt too wide) in paragraph at lines 42--42
[]\T2A/cmr/bx/n/12 13.| 
 []


Overfull \hbox (4.55862pt too wide) in paragraph at lines 51--51
[]\T2A/cmr/bx/n/12 14.| 
 []


Overfull \hbox (4.55862pt too wide) in paragraph at lines 53--53
[]\T2A/cmr/bx/n/12 15.| 
 []


Overfull \hbox (4.55862pt too wide) in paragraph at lines 60--60
[]\T2A/cmr/bx/n/12 16.| 
 []


Overfull \hbox (4.55862pt too wide) in paragraph at lines 83--83
[]\T2A/cmr/bx/n/12 17.| 
 []


Overfull \hbox (4.55862pt too wide) in paragraph at lines 85--85
[]\T2A/cmr/bx/n/12 18.| 
 []


Overfull \hbox (4.55862pt too wide) in paragraph at lines 93--93
[]\T2A/cmr/bx/n/12 19.| 
 []

) [5]
\openout2 = `pt1.aux'.

 (pt1.tex
Underfull \hbox (badness 10000) in paragraph at lines 15--17
[][]
 []


Underfull \hbox (badness 10000) in paragraph at lines 17--23
[][]
 []


Underfull \hbox (badness 10000) in paragraph at lines 23--25
[][]
 []


Underfull \hbox (badness 10000) in paragraph at lines 25--37
[][]
 []


Underfull \hbox (badness 10000) in paragraph at lines 37--49
[][]
 []


Underfull \hbox (badness 10000) in paragraph at lines 49--63
[][]
 []


Underfull \hbox (badness 10000) in paragraph at lines 63--65
[][]
 []


Underfull \hbox (badness 10000) in paragraph at lines 65--81
[][]
 []


Underfull \hbox (badness 10000) in paragraph at lines 81--85
[][]
 []


Overfull \hbox (4.55862pt too wide) in paragraph at lines 85--85
[]\T2A/cmr/bx/n/12 10.| 
 []


Underfull \hbox (badness 10000) in paragraph at lines 85--93
[][]
 []


Overfull \hbox (4.55862pt too wide) in paragraph at lines 93--93
[]\T2A/cmr/bx/n/12 11.| 
 []


Underfull \hbox (badness 10000) in paragraph at lines 93--95
[][]
 []

[6


]
Overfull \hbox (4.55862pt too wide) in paragraph at lines 95--95
[]\T2A/cmr/bx/n/12 12.| 
 []


Underfull \hbox (badness 10000) in paragraph at lines 95--97
[][]
 []


Overfull \hbox (4.55862pt too wide) in paragraph at lines 97--97
[]\T2A/cmr/bx/n/12 13.| 
 []


Underfull \hbox (badness 10000) in paragraph at lines 97--103
[][]
 []


Overfull \hbox (4.55862pt too wide) in paragraph at lines 103--103
[]\T2A/cmr/bx/n/12 14.| 
 []


Underfull \hbox (badness 10000) in paragraph at lines 103--103
[][]
 []


Overfull \hbox (4.55862pt too wide) in paragraph at lines 103--103
[]\T2A/cmr/bx/n/12 15.| 
 []


Underfull \hbox (badness 10000) in paragraph at lines 114--116
[][]
 []


Underfull \hbox (badness 10000) in paragraph at lines 116--119
[][]
 []


Underfull \hbox (badness 10000) in paragraph at lines 119--121
[][]
 []


Underfull \hbox (badness 10000) in paragraph at lines 121--125
[][]
 []


Underfull \hbox (badness 10000) in paragraph at lines 125--128
[][]
 []


Underfull \hbox (badness 10000) in paragraph at lines 128--131
[][]
 []


Underfull \hbox (badness 10000) in paragraph at lines 131--134
[][]
 []

[7]
Underfull \hbox (badness 10000) in paragraph at lines 134--137
[][]
 []


Underfull \hbox (badness 10000) in paragraph at lines 137--140
[][]
 []


Overfull \hbox (4.55862pt too wide) in paragraph at lines 140--140
[]\T2A/cmr/bx/n/12 10.| 
 []


Underfull \hbox (badness 10000) in paragraph at lines 140--142
[][]
 []


Overfull \hbox (4.55862pt too wide) in paragraph at lines 142--142
[]\T2A/cmr/bx/n/12 11.| 
 []


Underfull \hbox (badness 10000) in paragraph at lines 142--144
[][]
 []


Overfull \hbox (4.55862pt too wide) in paragraph at lines 144--144
[]\T2A/cmr/bx/n/12 12.| 
 []


Underfull \hbox (badness 10000) in paragraph at lines 144--146
[][]
 []


Overfull \hbox (4.55862pt too wide) in paragraph at lines 146--146
[]\T2A/cmr/bx/n/12 13.| 
 []


Underfull \hbox (badness 10000) in paragraph at lines 146--148
[][]
 []


Overfull \hbox (4.55862pt too wide) in paragraph at lines 148--148
[]\T2A/cmr/bx/n/12 14.| 
 []


Underfull \hbox (badness 10000) in paragraph at lines 148--150
[][]
 []


Overfull \hbox (4.55862pt too wide) in paragraph at lines 150--150
[]\T2A/cmr/bx/n/12 15.| 
 []


Underfull \hbox (badness 10000) in paragraph at lines 150--152
[][]
 []


Overfull \hbox (4.55862pt too wide) in paragraph at lines 152--152
[]\T2A/cmr/bx/n/12 16.| 
 []


Underfull \hbox (badness 10000) in paragraph at lines 152--154
[][]
 []


Overfull \hbox (4.55862pt too wide) in paragraph at lines 154--154
[]\T2A/cmr/bx/n/12 17.| 
 []


Underfull \hbox (badness 10000) in paragraph at lines 154--156
[][]
 []

[8]
Overfull \hbox (4.55862pt too wide) in paragraph at lines 156--156
[]\T2A/cmr/bx/n/12 18.| 
 []


Underfull \hbox (badness 10000) in paragraph at lines 156--158
[][]
 []


Overfull \hbox (4.55862pt too wide) in paragraph at lines 158--158
[]\T2A/cmr/bx/n/12 19.| 
 []


Underfull \hbox (badness 10000) in paragraph at lines 158--161
[][]
 []


Overfull \hbox (4.55862pt too wide) in paragraph at lines 161--161
[]\T2A/cmr/bx/n/12 20.| 
 []


Underfull \hbox (badness 10000) in paragraph at lines 161--163
[][]
 []


Overfull \hbox (4.55862pt too wide) in paragraph at lines 163--163
[]\T2A/cmr/bx/n/12 21.| 
 []


Underfull \hbox (badness 10000) in paragraph at lines 163--166
[][]
 []


Overfull \hbox (4.55862pt too wide) in paragraph at lines 166--166
[]\T2A/cmr/bx/n/12 22.| 
 []


Underfull \hbox (badness 10000) in paragraph at lines 166--168
[][]
 []


Overfull \hbox (4.55862pt too wide) in paragraph at lines 168--168
[]\T2A/cmr/bx/n/12 23.| 
 []


Underfull \hbox (badness 10000) in paragraph at lines 168--170
[][]
 []


Overfull \hbox (4.55862pt too wide) in paragraph at lines 170--170
[]\T2A/cmr/bx/n/12 24.| 
 []


Underfull \hbox (badness 10000) in paragraph at lines 170--173
[][]
 []


Overfull \hbox (4.55862pt too wide) in paragraph at lines 173--173
[]\T2A/cmr/bx/n/12 25.| 
 []


Underfull \hbox (badness 10000) in paragraph at lines 173--175
[][]
 []


Overfull \hbox (4.55862pt too wide) in paragraph at lines 175--175
[]\T2A/cmr/bx/n/12 26.| 
 []


Underfull \hbox (badness 10000) in paragraph at lines 175--179
[][]
 []


Overfull \hbox (4.55862pt too wide) in paragraph at lines 179--179
[]\T2A/cmr/bx/n/12 27.| 
 []


Underfull \hbox (badness 10000) in paragraph at lines 179--183
[][]
 []

[9]
Overfull \hbox (4.55862pt too wide) in paragraph at lines 183--183
[]\T2A/cmr/bx/n/12 28.| 
 []


Underfull \hbox (badness 10000) in paragraph at lines 183--186
[][]
 []


Overfull \hbox (4.55862pt too wide) in paragraph at lines 186--186
[]\T2A/cmr/bx/n/12 29.| 
 []


Underfull \hbox (badness 10000) in paragraph at lines 186--186
[][]
 []


Overfull \hbox (4.55862pt too wide) in paragraph at lines 186--186
[]\T2A/cmr/bx/n/12 30.| 
 []

) [10]
\openout2 = `pt2.aux'.

 (pt2.tex
Underfull \hbox (badness 10000) in paragraph at lines 10--14
[][]
 []


Underfull \hbox (badness 10000) in paragraph at lines 14--19
[][]
 []


Underfull \hbox (badness 10000) in paragraph at lines 19--26
[][]
 []


Underfull \hbox (badness 10000) in paragraph at lines 26--30
[][]
 []


Underfull \hbox (badness 10000) in paragraph at lines 30--39
[][]
 []


Underfull \hbox (badness 10000) in paragraph at lines 39--45
[][]
 []


Underfull \hbox (badness 10000) in paragraph at lines 75--77
[][]
 []


Underfull \vbox (badness 3158) has occurred while \output is active []

 [11


]
Underfull \hbox (badness 10000) in paragraph at lines 77--79
[][]
 []


Underfull \hbox (badness 10000) in paragraph at lines 79--81
[][]
 []


Underfull \hbox (badness 10000) in paragraph at lines 81--83
[][]
 []


Underfull \hbox (badness 10000) in paragraph at lines 83--88
[][]
 []


Underfull \hbox (badness 10000) in paragraph at lines 88--94
[][]
 []


Underfull \hbox (badness 10000) in paragraph at lines 94--97
[][]
 []


Underfull \hbox (badness 10000) in paragraph at lines 97--100
[][]
 []


Underfull \hbox (badness 10000) in paragraph at lines 100--102
[][]
 []

[12]
Overfull \hbox (4.55862pt too wide) in paragraph at lines 102--102
[]\T2A/cmr/bx/n/12 10.| 
 []


Underfull \hbox (badness 10000) in paragraph at lines 102--104
[][]
 []


Overfull \hbox (4.55862pt too wide) in paragraph at lines 104--104
[]\T2A/cmr/bx/n/12 11.| 
 []


Underfull \hbox (badness 10000) in paragraph at lines 104--106
[][]
 []


Overfull \hbox (4.55862pt too wide) in paragraph at lines 106--106
[]\T2A/cmr/bx/n/12 12.| 
 []


Underfull \hbox (badness 10000) in paragraph at lines 106--107
[][]
 []


Overfull \hbox (4.55862pt too wide) in paragraph at lines 107--107
[]\T2A/cmr/bx/n/12 13.| 
 []


Overfull \hbox (4.55862pt too wide) in paragraph at lines 114--114
[]\T2A/cmr/bx/n/12 14.| 
 []

<323015.png, id=62, 219.82124pt x 190.7125pt>
File: 323015.png Graphic file (type png)
 <use 323015.png>
Package pdftex.def Info: 323015.png used on input line 116.
(pdftex.def)             Requested size: 219.8207pt x 190.71202pt.
) [13 <./323015.png>]
\openout2 = `probability.aux'.

 (probability.tex
Underfull \hbox (badness 10000) in paragraph at lines 10--13
[][]
 []


Underfull \hbox (badness 10000) in paragraph at lines 13--16
[][]
 []


Underfull \hbox (badness 10000) in paragraph at lines 16--19
[][]
 []


Underfull \hbox (badness 10000) in paragraph at lines 19--22
[][]
 []


Underfull \hbox (badness 10000) in paragraph at lines 22--25
[][]
 []


Underfull \hbox (badness 10000) in paragraph at lines 25--28
[][]
 []


Underfull \hbox (badness 10000) in paragraph at lines 28--31
[][]
 []


Underfull \hbox (badness 10000) in paragraph at lines 31--34
[][]
 []


Underfull \hbox (badness 10000) in paragraph at lines 34--37
[][]
 []


Overfull \hbox (4.55862pt too wide) in paragraph at lines 37--37
[]\T2A/cmr/bx/n/12 10.| 
 []


Underfull \hbox (badness 10000) in paragraph at lines 37--40
[][]
 []

[14


]
Overfull \hbox (4.55862pt too wide) in paragraph at lines 40--40
[]\T2A/cmr/bx/n/12 11.| 
 []


Underfull \hbox (badness 10000) in paragraph at lines 40--43
[][]
 []


Overfull \hbox (4.55862pt too wide) in paragraph at lines 43--43
[]\T2A/cmr/bx/n/12 12.| 
 []


Underfull \hbox (badness 10000) in paragraph at lines 43--46
[][]
 []


Overfull \hbox (4.55862pt too wide) in paragraph at lines 46--46
[]\T2A/cmr/bx/n/12 13.| 
 []


Underfull \hbox (badness 10000) in paragraph at lines 46--50
[][]
 []


Overfull \hbox (4.55862pt too wide) in paragraph at lines 50--50
[]\T2A/cmr/bx/n/12 14.| 
 []


Underfull \hbox (badness 10000) in paragraph at lines 50--57
[][]
 []


Overfull \hbox (4.55862pt too wide) in paragraph at lines 57--57
[]\T2A/cmr/bx/n/12 15.| 
 []


Underfull \hbox (badness 10000) in paragraph at lines 57--60
[][]
 []


Overfull \hbox (4.55862pt too wide) in paragraph at lines 60--60
[]\T2A/cmr/bx/n/12 16.| 
 []


Underfull \hbox (badness 10000) in paragraph at lines 60--63
[][]
 []


Overfull \hbox (4.55862pt too wide) in paragraph at lines 63--63
[]\T2A/cmr/bx/n/12 17.| 
 []


Underfull \hbox (badness 10000) in paragraph at lines 63--66
[][]
 []


Overfull \hbox (4.55862pt too wide) in paragraph at lines 66--66
[]\T2A/cmr/bx/n/12 18.| 
 []


Underfull \hbox (badness 10000) in paragraph at lines 66--69
[][]
 []


Overfull \hbox (4.55862pt too wide) in paragraph at lines 69--69
[]\T2A/cmr/bx/n/12 19.| 
 []


Underfull \hbox (badness 10000) in paragraph at lines 69--72
[][]
 []

[15]
Overfull \hbox (4.55862pt too wide) in paragraph at lines 72--72
[]\T2A/cmr/bx/n/12 20.| 
 []


Underfull \hbox (badness 10000) in paragraph at lines 72--75
[][]
 []


Overfull \hbox (4.55862pt too wide) in paragraph at lines 75--75
[]\T2A/cmr/bx/n/12 21.| 
 []


Underfull \hbox (badness 10000) in paragraph at lines 75--78
[][]
 []


Overfull \hbox (4.55862pt too wide) in paragraph at lines 78--78
[]\T2A/cmr/bx/n/12 22.| 
 []


Underfull \hbox (badness 10000) in paragraph at lines 78--81
[][]
 []


Overfull \hbox (4.55862pt too wide) in paragraph at lines 81--81
[]\T2A/cmr/bx/n/12 23.| 
 []


Underfull \hbox (badness 10000) in paragraph at lines 81--84
[][]
 []


Overfull \hbox (4.55862pt too wide) in paragraph at lines 84--84
[]\T2A/cmr/bx/n/12 24.| 
 []


Underfull \hbox (badness 10000) in paragraph at lines 84--87
[][]
 []


Overfull \hbox (4.55862pt too wide) in paragraph at lines 87--87
[]\T2A/cmr/bx/n/12 25.| 
 []


Underfull \hbox (badness 10000) in paragraph at lines 87--90
[][]
 []


Overfull \hbox (4.55862pt too wide) in paragraph at lines 90--90
[]\T2A/cmr/bx/n/12 26.| 
 []


Underfull \hbox (badness 10000) in paragraph at lines 90--93
[][]
 []


Overfull \hbox (4.55862pt too wide) in paragraph at lines 93--93
[]\T2A/cmr/bx/n/12 27.| 
 []


Underfull \hbox (badness 10000) in paragraph at lines 93--96
[][]
 []


Overfull \hbox (4.55862pt too wide) in paragraph at lines 96--96
[]\T2A/cmr/bx/n/12 28.| 
 []


Underfull \hbox (badness 10000) in paragraph at lines 96--99
[][]
 []


Overfull \hbox (4.55862pt too wide) in paragraph at lines 99--99
[]\T2A/cmr/bx/n/12 29.| 
 []


Underfull \hbox (badness 10000) in paragraph at lines 99--102
[][]
 []

[16]
Overfull \hbox (4.55862pt too wide) in paragraph at lines 102--102
[]\T2A/cmr/bx/n/12 30.| 
 []


Underfull \hbox (badness 10000) in paragraph at lines 102--105
[][]
 []


Overfull \hbox (4.55862pt too wide) in paragraph at lines 105--105
[]\T2A/cmr/bx/n/12 31.| 
 []


Underfull \hbox (badness 10000) in paragraph at lines 105--108
[][]
 []


Overfull \hbox (4.55862pt too wide) in paragraph at lines 108--108
[]\T2A/cmr/bx/n/12 32.| 
 []


Underfull \hbox (badness 10000) in paragraph at lines 108--111
[][]
 []


Overfull \hbox (4.55862pt too wide) in paragraph at lines 111--111
[]\T2A/cmr/bx/n/12 33.| 
 []


Underfull \hbox (badness 10000) in paragraph at lines 111--114
[][]
 []


Overfull \hbox (4.55862pt too wide) in paragraph at lines 114--114
[]\T2A/cmr/bx/n/12 34.| 
 []


Underfull \hbox (badness 10000) in paragraph at lines 114--117
[][]
 []


Overfull \hbox (4.55862pt too wide) in paragraph at lines 117--117
[]\T2A/cmr/bx/n/12 35.| 
 []


Underfull \hbox (badness 10000) in paragraph at lines 117--120
[][]
 []


Overfull \hbox (4.55862pt too wide) in paragraph at lines 120--120
[]\T2A/cmr/bx/n/12 36.| 
 []


Underfull \hbox (badness 10000) in paragraph at lines 120--123
[][]
 []


Overfull \hbox (4.55862pt too wide) in paragraph at lines 123--123
[]\T2A/cmr/bx/n/12 37.| 
 []


Underfull \hbox (badness 10000) in paragraph at lines 123--130
[][]
 []


Overfull \hbox (4.55862pt too wide) in paragraph at lines 130--130
[]\T2A/cmr/bx/n/12 38.| 
 []


Underfull \hbox (badness 10000) in paragraph at lines 130--133
[][]
 []

[17]
Overfull \hbox (4.55862pt too wide) in paragraph at lines 133--133
[]\T2A/cmr/bx/n/12 39.| 
 []


Underfull \hbox (badness 10000) in paragraph at lines 133--136
[][]
 []


Overfull \hbox (4.55862pt too wide) in paragraph at lines 136--136
[]\T2A/cmr/bx/n/12 40.| 
 []


Underfull \hbox (badness 10000) in paragraph at lines 136--139
[][]
 []


Overfull \hbox (4.55862pt too wide) in paragraph at lines 139--139
[]\T2A/cmr/bx/n/12 41.| 
 []


Underfull \hbox (badness 10000) in paragraph at lines 139--142
[][]
 []


Overfull \hbox (4.55862pt too wide) in paragraph at lines 142--142
[]\T2A/cmr/bx/n/12 42.| 
 []


Underfull \hbox (badness 10000) in paragraph at lines 142--145
[][]
 []


Overfull \hbox (4.55862pt too wide) in paragraph at lines 145--145
[]\T2A/cmr/bx/n/12 43.| 
 []


Underfull \hbox (badness 10000) in paragraph at lines 145--148
[][]
 []


Overfull \hbox (4.55862pt too wide) in paragraph at lines 148--148
[]\T2A/cmr/bx/n/12 44.| 
 []


Underfull \hbox (badness 10000) in paragraph at lines 148--151
[][]
 []


Overfull \hbox (4.55862pt too wide) in paragraph at lines 151--151
[]\T2A/cmr/bx/n/12 45.| 
 []


Underfull \hbox (badness 10000) in paragraph at lines 151--154
[][]
 []


Overfull \hbox (4.55862pt too wide) in paragraph at lines 154--154
[]\T2A/cmr/bx/n/12 46.| 
 []


Underfull \hbox (badness 10000) in paragraph at lines 154--157
[][]
 []

[18]
Overfull \hbox (4.55862pt too wide) in paragraph at lines 157--157
[]\T2A/cmr/bx/n/12 47.| 
 []


Underfull \hbox (badness 10000) in paragraph at lines 157--160
[][]
 []


Overfull \hbox (4.55862pt too wide) in paragraph at lines 160--160
[]\T2A/cmr/bx/n/12 48.| 
 []


Underfull \hbox (badness 10000) in paragraph at lines 160--163
[][]
 []


Overfull \hbox (4.55862pt too wide) in paragraph at lines 163--163
[]\T2A/cmr/bx/n/12 49.| 
 []


Underfull \hbox (badness 10000) in paragraph at lines 163--166
[][]
 []


Overfull \hbox (4.55862pt too wide) in paragraph at lines 166--166
[]\T2A/cmr/bx/n/12 50.| 
 []


Underfull \hbox (badness 10000) in paragraph at lines 166--169
[][]
 []


Overfull \hbox (4.55862pt too wide) in paragraph at lines 169--169
[]\T2A/cmr/bx/n/12 51.| 
 []


Underfull \hbox (badness 10000) in paragraph at lines 169--172
[][]
 []


Overfull \hbox (4.55862pt too wide) in paragraph at lines 172--172
[]\T2A/cmr/bx/n/12 52.| 
 []


Underfull \hbox (badness 10000) in paragraph at lines 172--174
[][]
 []


Overfull \hbox (4.55862pt too wide) in paragraph at lines 174--174
[]\T2A/cmr/bx/n/12 53.| 
 []


Underfull \hbox (badness 10000) in paragraph at lines 174--175
[][]
 []


Overfull \hbox (4.55862pt too wide) in paragraph at lines 175--175
[]\T2A/cmr/bx/n/12 54.| 
 []

) [19]
\openout2 = `geom1.aux'.

 (geom1.tex
File: 22301.png Graphic file (type png)
 <use 22301.png>
Package pdftex.def Info: 22301.png used on input line 6.
(pdftex.def)             Requested size: 186.28168pt x 101.17773pt.

Overfull \hbox (14.93709pt too wide) in paragraph at lines 6--6
[][][]| 
 []

<24099.png, id=87, 186.28215pt x 171.95276pt>
File: 24099.png Graphic file (type png)
 <use 24099.png>
Package pdftex.def Info: 24099.png used on input line 8.
(pdftex.def)             Requested size: 186.28168pt x 171.95233pt.

Overfull \hbox (14.93709pt too wide) in paragraph at lines 8--8
[][][]| 
 []

<5183.png, id=88, 159.59625pt x 159.59625pt>
File: 5183.png Graphic file (type png)
 <use 5183.png>
Package pdftex.def Info: 5183.png used on input line 11.
(pdftex.def)             Requested size: 159.59584pt x 159.59584pt.

Overfull \hbox (14.93709pt too wide) in paragraph at lines 11--11
[][][]| 
 []

<263417.png, id=89, 103.38625pt x 117.43875pt>
File: 263417.png Graphic file (type png)
 <use 263417.png>
Package pdftex.def Info: 263417.png used on input line 13.
(pdftex.def)             Requested size: 124.06287pt x 140.92577pt.

Overfull \hbox (14.93709pt too wide) in paragraph at lines 13--13
[][][]| 
 []

<263479.png, id=90, 145.54375pt x 159.59625pt>
File: 263479.png Graphic file (type png)
 <use 263479.png>
Package pdftex.def Info: 263479.png used on input line 16.
(pdftex.def)             Requested size: 145.54338pt x 159.59584pt.

Overfull \hbox (14.93709pt too wide) in paragraph at lines 16--16
[][][]| 
 []


Underfull \vbox (badness 10000) has occurred while \output is active []

 [20


 <./24099.png> <./5183.png> <./263417.png>]
<315137.png, id=97, 174.6525pt x 174.6525pt>
File: 315137.png Graphic file (type png)
 <use 315137.png>
Package pdftex.def Info: 315137.png used on input line 18.
(pdftex.def)             Requested size: 174.65207pt x 174.65207pt.

Overfull \hbox (14.93709pt too wide) in paragraph at lines 18--18
[][][]| 
 []

<322637.png, id=98, 118.4425pt x 118.4425pt>
File: 322637.png Graphic file (type png)
 <use 322637.png>
Package pdftex.def Info: 322637.png used on input line 21.
(pdftex.def)             Requested size: 142.13026pt x 142.13026pt.

Overfull \hbox (14.93709pt too wide) in paragraph at lines 21--21
[][][]| 
 []

<27891.jpg, id=99, 182.93344pt x 187.45032pt>
File: 27891.jpg Graphic file (type jpg)
 <use 27891.jpg>
Package pdftex.def Info: 27891.jpg used on input line 25.
(pdftex.def)             Requested size: 128.05252pt x 131.21431pt.

Overfull \hbox (14.93709pt too wide) in paragraph at lines 25--25
[][][]| 
 []

<508289.png, id=100, 117.43875pt x 132.495pt>
File: 508289.png Graphic file (type png)
 <use 508289.png>
Package pdftex.def Info: 508289.png used on input line 29.
(pdftex.def)             Requested size: 140.92577pt x 158.99318pt.

Overfull \hbox (14.93709pt too wide) in paragraph at lines 29--29
[][][]| 
 []


Underfull \vbox (badness 10000) has occurred while \output is active []

 [21 <./263479.png> <./315137.png> <./322637.png> <./27891.jpg>]
Overfull \hbox (4.55862pt too wide) in paragraph at lines 33--33
[]\T2A/cmr/bx/n/12 10.| 
 []

<508562.png, id=107, 188.705pt x 89.33376pt>
File: 508562.png Graphic file (type png)
 <use 508562.png>
Package pdftex.def Info: 508562.png used on input line 33.
(pdftex.def)             Requested size: 188.70453pt x 89.33353pt.

Overfull \hbox (14.93709pt too wide) in paragraph at lines 33--33
[][][]| 
 []


Overfull \hbox (4.55862pt too wide) in paragraph at lines 37--37
[]\T2A/cmr/bx/n/12 11.| 
 []

<26080.jpg, id=108, 171.64125pt x 169.38281pt>
File: 26080.jpg Graphic file (type jpg)
 <use 26080.jpg>
Package pdftex.def Info: 26080.jpg used on input line 37.
(pdftex.def)             Requested size: 171.64081pt x 169.38239pt.

Overfull \hbox (14.93709pt too wide) in paragraph at lines 37--37
[][][]| 
 []


Overfull \hbox (4.55862pt too wide) in paragraph at lines 39--39
[]\T2A/cmr/bx/n/12 12.| 
 []


Overfull \hbox (4.55862pt too wide) in paragraph at lines 41--41
[]\T2A/cmr/bx/n/12 13.| 
 []


Overfull \hbox (4.55862pt too wide) in paragraph at lines 45--45
[]\T2A/cmr/bx/n/12 14.| 
 []


Overfull \hbox (4.55862pt too wide) in paragraph at lines 49--49
[]\T2A/cmr/bx/n/12 15.| 
 []


Overfull \hbox (4.55862pt too wide) in paragraph at lines 52--52
[]\T2A/cmr/bx/n/12 16.| 
 []


Overfull \hbox (4.55862pt too wide) in paragraph at lines 55--55
[]\T2A/cmr/bx/n/12 17.| 
 []


Overfull \hbox (4.55862pt too wide) in paragraph at lines 59--59
[]\T2A/cmr/bx/n/12 18.| 
 []


Overfull \hbox (4.55862pt too wide) in paragraph at lines 62--62
[]\T2A/cmr/bx/n/12 19.| 
 []


Overfull \hbox (4.55862pt too wide) in paragraph at lines 66--66
[]\T2A/cmr/bx/n/12 20.| 
 []


Overfull \hbox (4.55862pt too wide) in paragraph at lines 70--70
[]\T2A/cmr/bx/n/12 21.| 
 []

<60817.jpg, id=109, 123.46124pt x 100.12407pt>
File: 60817.jpg Graphic file (type jpg)
 <use 60817.jpg>
Package pdftex.def Info: 60817.jpg used on input line 70.
(pdftex.def)             Requested size: 123.46092pt x 100.12381pt.

Overfull \hbox (14.93709pt too wide) in paragraph at lines 70--70
[][][]| 
 []

[22 <./508289.png> <./508562.png> <./26080.jpg>]
<5085.png, id=115, 179.67125pt x 159.59625pt>
File: 5085.png Graphic file (type png)
 <use 5085.png>
Package pdftex.def Info: 5085.png used on input line 90.
(pdftex.def)             Requested size: 143.73717pt x 127.67715pt.

Overfull \hbox (14.93709pt too wide) in paragraph at lines 90--90
[][][]| 
 []

<5283.png, id=116, 219.82124pt x 139.52126pt>
File: 5283.png Graphic file (type png)
 <use 5283.png>
Package pdftex.def Info: 5283.png used on input line 97.
(pdftex.def)             Requested size: 175.85722pt x 111.61714pt.

Overfull \hbox (14.93709pt too wide) in paragraph at lines 97--97
[][][]| 
 []

<21499.png, id=117, 157.58875pt x 129.48375pt>
File: 21499.png Graphic file (type png)
 <use 21499.png>
Package pdftex.def Info: 21499.png used on input line 107.
(pdftex.def)             Requested size: 157.58835pt x 129.48341pt.

Overfull \hbox (14.93709pt too wide) in paragraph at lines 107--107
[][][]| 
 []

<22501.png, id=118, 186.28215pt x 143.29396pt>
File: 22501.png Graphic file (type png)
 <use 22501.png>
Package pdftex.def Info: 22501.png used on input line 128.
(pdftex.def)             Requested size: 186.28168pt x 143.2936pt.

Overfull \hbox (14.93709pt too wide) in paragraph at lines 128--128
[][][]| 
 []

<5317.png, id=119, 159.59625pt x 179.67125pt>
File: 5317.png Graphic file (type png)
 <use 5317.png>
Package pdftex.def Info: 5317.png used on input line 134.
(pdftex.def)             Requested size: 159.59584pt x 179.67079pt.

Overfull \hbox (14.93709pt too wide) in paragraph at lines 134--134
[][][]| 
 []


Underfull \vbox (badness 6477) has occurred while \output is active []

 [23 <./60817.jpg> <./5085.png> <./5283.png> <./21499.png> <./22501.png>]
<24239.png, id=127, 114.4275pt x 114.4275pt>
File: 24239.png Graphic file (type png)
 <use 24239.png>
Package pdftex.def Info: 24239.png used on input line 140.
(pdftex.def)             Requested size: 114.42722pt x 114.42722pt.

Overfull \hbox (14.93709pt too wide) in paragraph at lines 140--140
[][][]| 
 []

<24273.png, id=128, 175.68073pt x 175.68073pt>
File: 24273.png Graphic file (type png)
 <use 24273.png>
Package pdftex.def Info: 24273.png used on input line 148.
(pdftex.def)             Requested size: 175.68028pt x 175.68028pt.

Overfull \hbox (14.93709pt too wide) in paragraph at lines 148--148
[][][]| 
 []

<248301.png, id=129, 117.43875pt x 117.43875pt>
File: 248301.png Graphic file (type png)
 <use 248301.png>
Package pdftex.def Info: 248301.png used on input line 153.
(pdftex.def)             Requested size: 117.43845pt x 117.43845pt.

Overfull \hbox (14.93709pt too wide) in paragraph at lines 153--153
[][][]| 
 []

<252347.png, id=130, 160.6pt x 145.54375pt>
File: 252347.png Graphic file (type png)
 <use 252347.png>
Package pdftex.def Info: 252347.png used on input line 168.
(pdftex.def)             Requested size: 160.5996pt x 145.54338pt.

Overfull \hbox (14.93709pt too wide) in paragraph at lines 168--168
[][][]| 
 []


Overfull \hbox (4.55862pt too wide) in paragraph at lines 175--175
[]\T2A/cmr/bx/n/12 10.| 
 []

<256455.png, id=131, 145.54375pt x 145.54375pt>
File: 256455.png Graphic file (type png)
 <use 256455.png>
Package pdftex.def Info: 256455.png used on input line 175.
(pdftex.def)             Requested size: 145.54338pt x 145.54338pt.

Overfull \hbox (14.93709pt too wide) in paragraph at lines 175--175
[][][]| 
 []

[24 <./5317.png> <./24239.png> <./24273.png> <./248301.png> <./252347.png>]
Overfull \hbox (4.55862pt too wide) in paragraph at lines 183--183
[]\T2A/cmr/bx/n/12 11.| 
 []

<263415.png, id=140, 145.54375pt x 174.6525pt>
File: 263415.png Graphic file (type png)
 <use 263415.png>
Package pdftex.def Info: 263415.png used on input line 183.
(pdftex.def)             Requested size: 145.54338pt x 174.65207pt.

Overfull \hbox (14.93709pt too wide) in paragraph at lines 183--183
[][][]| 
 []


Overfull \hbox (4.55862pt too wide) in paragraph at lines 189--189
[]\T2A/cmr/bx/n/12 12.| 
 []

<508293.png, id=141, 117.43875pt x 132.495pt>
File: 508293.png Graphic file (type png)
 <use 508293.png>
Package pdftex.def Info: 508293.png used on input line 189.
(pdftex.def)             Requested size: 140.92577pt x 158.99318pt.

Overfull \hbox (14.93709pt too wide) in paragraph at lines 189--189
[][][]| 
 []


Overfull \hbox (4.55862pt too wide) in paragraph at lines 195--195
[]\T2A/cmr/bx/n/12 13.| 
 []

<508564.png, id=142, 75.28125pt x 117.43875pt>
File: 508564.png Graphic file (type png)
 <use 508564.png>
Package pdftex.def Info: 508564.png used on input line 195.
(pdftex.def)             Requested size: 90.33702pt x 140.92577pt.

Overfull \hbox (14.93709pt too wide) in paragraph at lines 195--195
[][][]| 
 []


Overfull \hbox (4.55862pt too wide) in paragraph at lines 205--205
[]\T2A/cmr/bx/n/12 14.| 
 []

<263475.png, id=143, 117.43875pt x 131.49126pt>
File: 263475.png Graphic file (type png)
 <use 263475.png>
Package pdftex.def Info: 263475.png used on input line 205.
(pdftex.def)             Requested size: 117.43845pt x 131.49092pt.

Overfull \hbox (14.93709pt too wide) in paragraph at lines 205--205
[][][]| 
 []


Underfull \vbox (badness 10000) has occurred while \output is active []

 [25 <./256455.png> <./263415.png> <./508293.png> <./508564.png>]
Overfull \hbox (4.55862pt too wide) in paragraph at lines 211--211
[]\T2A/cmr/bx/n/12 15.| 
 []

<322735.png, id=152, 118.4425pt x 118.4425pt>
File: 322735.png Graphic file (type png)
 <use 322735.png>
Package pdftex.def Info: 322735.png used on input line 211.
(pdftex.def)             Requested size: 118.4422pt x 118.4422pt.

Overfull \hbox (14.93709pt too wide) in paragraph at lines 211--211
[][][]| 
 []


Overfull \hbox (4.55862pt too wide) in paragraph at lines 217--217
[]\T2A/cmr/bx/n/12 16.| 
 []

<322829.png, id=153, 174.6525pt x 174.6525pt>
File: 322829.png Graphic file (type png)
 <use 322829.png>
Package pdftex.def Info: 322829.png used on input line 217.
(pdftex.def)             Requested size: 174.65207pt x 174.65207pt.

Overfull \hbox (14.93709pt too wide) in paragraph at lines 217--217
[][][]| 
 []


Overfull \hbox (4.55862pt too wide) in paragraph at lines 221--221
[]\T2A/cmr/bx/n/12 17.| 
 []

<316033.png, id=154, 117.43875pt x 117.43875pt>
File: 316033.png Graphic file (type png)
 <use 316033.png>
Package pdftex.def Info: 316033.png used on input line 221.
(pdftex.def)             Requested size: 117.43845pt x 117.43845pt.

Overfull \hbox (14.93709pt too wide) in paragraph at lines 221--221
[][][]| 
 []


Overfull \hbox (4.55862pt too wide) in paragraph at lines 226--226
[]\T2A/cmr/bx/n/12 18.| 
 []

<26077.jpg, id=155, 171.64125pt x 169.38281pt>
File: 26077.jpg Graphic file (type jpg)
 <use 26077.jpg>
Package pdftex.def Info: 26077.jpg used on input line 226.
(pdftex.def)             Requested size: 120.14804pt x 118.56714pt.

Overfull \hbox (14.93709pt too wide) in paragraph at lines 226--226
[][][]| 
 []


Overfull \hbox (4.55862pt too wide) in paragraph at lines 230--230
[]\T2A/cmr/bx/n/12 19.| 
 []

<12_4.jpg, id=156, 170.88844pt x 173.89969pt>
File: 12_4.jpg Graphic file (type jpg)
 <use 12_4.jpg>
Package pdftex.def Info: 12_4.jpg used on input line 230.
(pdftex.def)             Requested size: 119.62108pt x 121.72893pt.

Overfull \hbox (14.93709pt too wide) in paragraph at lines 230--230
[][][]| 
 []


Underfull \vbox (badness 10000) has occurred while \output is active []

 [26 <./263475.png> <./322735.png> <./322829.png> <./316033.png> <./26077.jpg>]

Overfull \hbox (4.55862pt too wide) in paragraph at lines 233--233
[]\T2A/cmr/bx/n/12 20.| 
 []

<27889.jpg, id=164, 180.675pt x 178.41656pt>
File: 27889.jpg Graphic file (type jpg)
 <use 27889.jpg>
Package pdftex.def Info: 27889.jpg used on input line 233.
(pdftex.def)             Requested size: 126.47162pt x 124.89072pt.

Overfull \hbox (14.93709pt too wide) in paragraph at lines 233--233
[][][]| 
 []


Overfull \hbox (4.55862pt too wide) in paragraph at lines 242--242
[]\T2A/cmr/bx/n/12 21.| 
 []

<12_5.png, id=165, 108.405pt x 72.27pt>
File: 12_5.png Graphic file (type png)
 <use 12_5.png>
Package pdftex.def Info: 12_5.png used on input line 242.
(pdftex.def)             Requested size: 108.40472pt x 72.2698pt.

Overfull \hbox (14.93709pt too wide) in paragraph at lines 242--242
[][][]| 
 []


Overfull \hbox (4.55862pt too wide) in paragraph at lines 246--246
[]\T2A/cmr/bx/n/12 22.| 
 []

<27804.jpg, id=166, 174.6525pt x 172.39406pt>
File: 27804.jpg Graphic file (type jpg)
 <use 27804.jpg>
Package pdftex.def Info: 27804.jpg used on input line 246.
(pdftex.def)             Requested size: 122.2559pt x 120.675pt.

Overfull \hbox (14.93709pt too wide) in paragraph at lines 246--246
[][][]| 
 []


Overfull \hbox (4.55862pt too wide) in paragraph at lines 260--260
[]\T2A/cmr/bx/n/12 23.| 
 []


Overfull \hbox (4.55862pt too wide) in paragraph at lines 263--263
[]\T2A/cmr/bx/n/12 24.| 
 []


Overfull \hbox (4.55862pt too wide) in paragraph at lines 266--266
[]\T2A/cmr/bx/n/12 25.| 
 []


Overfull \hbox (4.55862pt too wide) in paragraph at lines 270--270
[]\T2A/cmr/bx/n/12 26.| 
 []


Overfull \hbox (4.55862pt too wide) in paragraph at lines 273--273
[]\T2A/cmr/bx/n/12 27.| 
 []


Overfull \hbox (4.55862pt too wide) in paragraph at lines 275--275
[]\T2A/cmr/bx/n/12 28.| 
 []


Underfull \hbox (badness 10000) in paragraph at lines 275--276
[][]
 []


Overfull \hbox (4.55862pt too wide) in paragraph at lines 278--278
[]\T2A/cmr/bx/n/12 29.| 
 []


Overfull \hbox (4.55862pt too wide) in paragraph at lines 281--281
[]\T2A/cmr/bx/n/12 30.| 
 []


Overfull \hbox (4.55862pt too wide) in paragraph at lines 284--284
[]\T2A/cmr/bx/n/12 31.| 
 []

[27 <./12_4.jpg> <./27889.jpg> <./12_5.png> <./27804.jpg>]
Overfull \hbox (4.55862pt too wide) in paragraph at lines 287--287
[]\T2A/cmr/bx/n/12 32.| 
 []


Overfull \hbox (4.55862pt too wide) in paragraph at lines 290--290
[]\T2A/cmr/bx/n/12 33.| 
 []


Overfull \hbox (4.55862pt too wide) in paragraph at lines 294--294
[]\T2A/cmr/bx/n/12 34.| 
 []


Overfull \hbox (4.55862pt too wide) in paragraph at lines 301--301
[]\T2A/cmr/bx/n/12 35.| 
 []


Overfull \hbox (4.55862pt too wide) in paragraph at lines 304--304
[]\T2A/cmr/bx/n/12 36.| 
 []


Overfull \hbox (4.55862pt too wide) in paragraph at lines 307--307
[]\T2A/cmr/bx/n/12 37.| 
 []


Overfull \hbox (4.55862pt too wide) in paragraph at lines 310--310
[]\T2A/cmr/bx/n/12 38.| 
 []


Overfull \hbox (4.55862pt too wide) in paragraph at lines 313--313
[]\T2A/cmr/bx/n/12 39.| 
 []


Overfull \hbox (4.55862pt too wide) in paragraph at lines 316--316
[]\T2A/cmr/bx/n/12 40.| 
 []


Overfull \hbox (4.55862pt too wide) in paragraph at lines 319--319
[]\T2A/cmr/bx/n/12 41.| 
 []


Overfull \hbox (4.55862pt too wide) in paragraph at lines 322--322
[]\T2A/cmr/bx/n/12 42.| 
 []


Overfull \hbox (4.55862pt too wide) in paragraph at lines 326--326
[]\T2A/cmr/bx/n/12 43.| 
 []


Overfull \hbox (4.55862pt too wide) in paragraph at lines 330--330
[]\T2A/cmr/bx/n/12 44.| 
 []


Overfull \hbox (4.55862pt too wide) in paragraph at lines 334--334
[]\T2A/cmr/bx/n/12 45.| 
 []


Underfull \hbox (badness 1418) in paragraph at lines 334--334
[]\T2A/cmr/m/n/12 Ќайдите пло-щадь тре-уголь-ни-ка, вер-ши-ны ко-то-ро-го име-ю
т ко-ор-ди-на-ты $\OT1/cmr/m/n/12 (2; 13)$\T2A/cmr/m/n/12 ,
 []


Overfull \hbox (4.55862pt too wide) in paragraph at lines 338--338
[]\T2A/cmr/bx/n/12 46.| 
 []


Overfull \hbox (4.55862pt too wide) in paragraph at lines 344--344
[]\T2A/cmr/bx/n/12 47.| 
 []


Underfull \hbox (badness 1983) in paragraph at lines 344--344
[]\T2A/cmr/m/n/12 ƒве сто-ро-ны пр€-мо-уголь-ни-ка $\OML/cmm/m/it/12 ABCD$ \T2A
/cmr/m/n/12 рав-
 []

<60417.jpg, id=171, 131.74219pt x 91.84312pt>
File: 60417.jpg Graphic file (type jpg)
 <use 60417.jpg>
Package pdftex.def Info: 60417.jpg used on input line 344.
(pdftex.def)             Requested size: 131.74185pt x 91.84288pt.

Overfull \hbox (14.93709pt too wide) in paragraph at lines 344--344
[][][]| 
 []


Overfull \hbox (4.55862pt too wide) in paragraph at lines 350--350
[]\T2A/cmr/bx/n/12 48.| 
 []


Overfull \hbox (4.55862pt too wide) in paragraph at lines 358--358
[]\T2A/cmr/bx/n/12 49.| 
 []


Overfull \hbox (4.55862pt too wide) in paragraph at lines 362--362
[]\T2A/cmr/bx/n/12 50.| 
 []

[28 <./60417.jpg>] <252335.png, id=175, 145.54375pt x 131.49126pt>
File: 252335.png Graphic file (type png)

<use 252335.png>
Package pdftex.def Info: 252335.png used on input line 378.
(pdftex.def)             Requested size: 145.54338pt x 131.49092pt.

Overfull \hbox (14.93709pt too wide) in paragraph at lines 378--378
[][][]| 
 []

<23931.png, id=176, 185.69376pt x 171.64125pt>
File: 23931.png Graphic file (type png)
 <use 23931.png>
Package pdftex.def Info: 23931.png used on input line 383.
(pdftex.def)             Requested size: 167.12283pt x 154.47568pt.

Overfull \hbox (14.93709pt too wide) in paragraph at lines 383--383
[][][]| 
 []

<24271.png, id=177, 175.68073pt x 175.68073pt>
File: 24271.png Graphic file (type png)
 <use 24271.png>
Package pdftex.def Info: 24271.png used on input line 389.
(pdftex.def)             Requested size: 158.11118pt x 158.11118pt.

Overfull \hbox (14.93709pt too wide) in paragraph at lines 389--389
[][][]| 
 []

<258595.png, id=178, 145.54375pt x 89.33376pt>
File: 258595.png Graphic file (type png)
 <use 258595.png>
Package pdftex.def Info: 258595.png used on input line 395.
(pdftex.def)             Requested size: 189.20683pt x 116.13385pt.

Overfull \hbox (14.93709pt too wide) in paragraph at lines 395--395
[][][]| 
 []

<263375.png, id=179, 160.6pt x 89.33376pt>
File: 263375.png Graphic file (type png)
 <use 263375.png>
Package pdftex.def Info: 263375.png used on input line 402.
(pdftex.def)             Requested size: 208.77995pt x 116.13385pt.

Overfull \hbox (14.93709pt too wide) in paragraph at lines 402--402
[][][]| 
 []

<322737.png, id=180, 146.5475pt x 146.5475pt>
File: 322737.png Graphic file (type png)
 <use 322737.png>
Package pdftex.def Info: 322737.png used on input line 412.
(pdftex.def)             Requested size: 146.54712pt x 146.54712pt.

Overfull \hbox (14.93709pt too wide) in paragraph at lines 412--412
[][][]| 
 []

[29 <./252335.png> <./23931.png> <./24271.png> <./258595.png> <./263375.png>]
<322825.png, id=189, 174.6525pt x 174.6525pt>
File: 322825.png Graphic file (type png)
 <use 322825.png>
Package pdftex.def Info: 322825.png used on input line 419.
(pdftex.def)             Requested size: 174.65207pt x 174.65207pt.

Overfull \hbox (14.93709pt too wide) in paragraph at lines 419--419
[][][]| 
 []


Overfull \hbox (4.55862pt too wide) in paragraph at lines 430--430
[]\T2A/cmr/bx/n/12 10.| 
 []


Overfull \hbox (4.55862pt too wide) in paragraph at lines 433--433
[]\T2A/cmr/bx/n/12 11.| 
 []


Overfull \hbox (4.55862pt too wide) in paragraph at lines 436--436
[]\T2A/cmr/bx/n/12 12.| 
 []


Overfull \hbox (4.55862pt too wide) in paragraph at lines 439--439
[]\T2A/cmr/bx/n/12 13.| 
 []


Overfull \hbox (4.55862pt too wide) in paragraph at lines 442--442
[]\T2A/cmr/bx/n/12 14.| 
 []


Overfull \hbox (4.55862pt too wide) in paragraph at lines 445--445
[]\T2A/cmr/bx/n/12 15.| 
 []


Overfull \hbox (4.55862pt too wide) in paragraph at lines 449--449
[]\T2A/cmr/bx/n/12 16.| 
 []


Overfull \hbox (4.55862pt too wide) in paragraph at lines 452--452
[]\T2A/cmr/bx/n/12 17.| 
 []


Overfull \hbox (4.55862pt too wide) in paragraph at lines 458--458
[]\T2A/cmr/bx/n/12 18.| 
 []


Overfull \hbox (4.55862pt too wide) in paragraph at lines 464--464
[]\T2A/cmr/bx/n/12 19.| 
 []


Overfull \hbox (4.55862pt too wide) in paragraph at lines 473--473
[]\T2A/cmr/bx/n/12 20.| 
 []


Overfull \hbox (4.55862pt too wide) in paragraph at lines 476--476
[]\T2A/cmr/bx/n/12 21.| 
 []


Overfull \hbox (4.55862pt too wide) in paragraph at lines 482--482
[]\T2A/cmr/bx/n/12 22.| 
 []

[30 <./322737.png> <./322825.png>]
Overfull \hbox (4.55862pt too wide) in paragraph at lines 491--491
[]\T2A/cmr/bx/n/12 23.| 
 []


Overfull \hbox (4.55862pt too wide) in paragraph at lines 494--494
[]\T2A/cmr/bx/n/12 24.| 
 []


Overfull \hbox (4.55862pt too wide) in paragraph at lines 497--497
[]\T2A/cmr/bx/n/12 25.| 
 []


Overfull \hbox (4.55862pt too wide) in paragraph at lines 503--503
[]\T2A/cmr/bx/n/12 26.| 
 []


Overfull \hbox (4.55862pt too wide) in paragraph at lines 512--512
[]\T2A/cmr/bx/n/12 27.| 
 []

<10_11.png, id=195, 95.35625pt x 79.29625pt>
File: 10_11.png Graphic file (type png)
 <use 10_11.png>
Package pdftex.def Info: 10_11.png used on input line 512.
(pdftex.def)             Requested size: 85.81981pt x 71.36594pt.

Overfull \hbox (14.93709pt too wide) in paragraph at lines 512--512
[][][]| 
 []


Overfull \hbox (4.55862pt too wide) in paragraph at lines 515--515
[]\T2A/cmr/bx/n/12 28.| 
 []

<10_12.png, id=196, 112.42pt x 86.3225pt>
File: 10_12.png Graphic file (type png)
 <use 10_12.png>
Package pdftex.def Info: 10_12.png used on input line 515.
(pdftex.def)             Requested size: 101.17706pt x 77.6895pt.

Overfull \hbox (14.93709pt too wide) in paragraph at lines 515--515
[][][]| 
 []


Overfull \hbox (4.55862pt too wide) in paragraph at lines 519--519
[]\T2A/cmr/bx/n/12 29.| 
 []


Overfull \hbox (4.55862pt too wide) in paragraph at lines 522--522
[]\T2A/cmr/bx/n/12 30.| 
 []


Overfull \hbox (4.55862pt too wide) in paragraph at lines 525--525
[]\T2A/cmr/bx/n/12 31.| 
 []


Overfull \hbox (4.55862pt too wide) in paragraph at lines 534--534
[]\T2A/cmr/bx/n/12 32.| 
 []


Overfull \hbox (4.55862pt too wide) in paragraph at lines 537--537
[]\T2A/cmr/bx/n/12 33.| 
 []


Overfull \hbox (4.55862pt too wide) in paragraph at lines 540--540
[]\T2A/cmr/bx/n/12 34.| 
 []


Overfull \hbox (4.55862pt too wide) in paragraph at lines 549--549
[]\T2A/cmr/bx/n/12 35.| 
 []


Overfull \hbox (4.55862pt too wide) in paragraph at lines 552--552
[]\T2A/cmr/bx/n/12 36.| 
 []


Overfull \hbox (4.55862pt too wide) in paragraph at lines 561--561
[]\T2A/cmr/bx/n/12 37.| 
 []


Overfull \hbox (4.55862pt too wide) in paragraph at lines 564--564
[]\T2A/cmr/bx/n/12 38.| 
 []


Overfull \hbox (4.55862pt too wide) in paragraph at lines 570--570
[]\T2A/cmr/bx/n/12 39.| 
 []


Overfull \hbox (4.55862pt too wide) in paragraph at lines 579--579
[]\T2A/cmr/bx/n/12 40.| 
 []

) [31 <./10_11.png> <./10_12.png>]
\openout2 = `geom2.aux'.

 (geom2.tex
Underfull \hbox (badness 1297) in paragraph at lines 8--8
[]\T2A/cmr/m/n/12 „етырехугольник $\OML/cmm/m/it/12 ABCD$ \T2A/cmr/m/n/12 впи-с
ан в окруж-
 []

<10_3.jpg, id=203, 161.85469pt x 158.09062pt>
File: 10_3.jpg Graphic file (type jpg)
 <use 10_3.jpg>
Package pdftex.def Info: 10_3.jpg used on input line 8.
(pdftex.def)             Requested size: 113.2975pt x 110.66267pt.

Overfull \hbox (14.93709pt too wide) in paragraph at lines 8--8
[][][]| 
 []

<10_13.png, id=204, 91.34125pt x 89.33376pt>
File: 10_13.png Graphic file (type png)
 <use 10_13.png>
Package pdftex.def Info: 10_13.png used on input line 13.
(pdftex.def)             Requested size: 118.74359pt x 116.13385pt.

Overfull \hbox (14.93709pt too wide) in paragraph at lines 13--13
[][][]| 
 []

<27452.jpg, id=205, 171.64125pt x 169.38281pt>
File: 27452.jpg Graphic file (type jpg)
 <use 27452.jpg>
Package pdftex.def Info: 27452.jpg used on input line 20.
(pdftex.def)             Requested size: 120.14804pt x 118.56714pt.

Overfull \hbox (14.93709pt too wide) in paragraph at lines 20--20
[][][]| 
 []


Overfull \hbox (4.55862pt too wide) in paragraph at lines 38--38
[]\T2A/cmr/bx/n/12 10.| 
 []


Overfull \hbox (4.55862pt too wide) in paragraph at lines 45--45
[]\T2A/cmr/bx/n/12 11.| 
 []


Overfull \hbox (4.55862pt too wide) in paragraph at lines 53--53
[]\T2A/cmr/bx/n/12 12.| 
 []

<27951.jpg, id=206, 180.675pt x 178.41656pt>
File: 27951.jpg Graphic file (type jpg)
 <use 27951.jpg>
Package pdftex.def Info: 27951.jpg used on input line 53.
(pdftex.def)             Requested size: 126.47162pt x 124.89072pt.

Overfull \hbox (14.93709pt too wide) in paragraph at lines 53--53
[][][]| 
 []

[32


 <./10_3.jpg> <./10_13.png> <./27452.jpg>]
Underfull \hbox (badness 1231) in paragraph at lines 80--80
[]\T2A/cmr/m/n/12 Ќайдите угол $\OML/cmm/m/it/12 ACB$\T2A/cmr/m/n/12 , ес-ли вп
и-сан-ные уг-лы
 []

<27885.jpg, id=211, 187.45032pt x 176.91093pt>
File: 27885.jpg Graphic file (type jpg)
 <use 27885.jpg>
Package pdftex.def Info: 27885.jpg used on input line 80.
(pdftex.def)             Requested size: 131.21431pt x 123.83679pt.

Overfull \hbox (14.93709pt too wide) in paragraph at lines 80--80
[][][]| 
 []


Underfull \hbox (badness 1297) in paragraph at lines 85--85
[]\T2A/cmr/m/n/12 „етырехугольник $\OML/cmm/m/it/12 ABCD$ \T2A/cmr/m/n/12 впи-с
ан в окруж-
 []

<10_4.jpg, id=212, 161.85469pt x 158.09062pt>
File: 10_4.jpg Graphic file (type jpg)
 <use 10_4.jpg>
Package pdftex.def Info: 10_4.jpg used on input line 85.
(pdftex.def)             Requested size: 113.2975pt x 110.66267pt.

Overfull \hbox (14.93709pt too wide) in paragraph at lines 85--85
[][][]| 
 []

<10_5.jpg, id=213, 161.10187pt x 163.3603pt>
File: 10_5.jpg Graphic file (type jpg)
 <use 10_5.jpg>
Package pdftex.def Info: 10_5.jpg used on input line 89.
(pdftex.def)             Requested size: 112.77052pt x 114.35143pt.

Overfull \hbox (14.93709pt too wide) in paragraph at lines 89--89
[][][]| 
 []

<10_6.png, id=214, 94.3525pt x 99.37125pt>
File: 10_6.png Graphic file (type png)
 <use 10_6.png>
Package pdftex.def Info: 10_6.png used on input line 97.
(pdftex.def)             Requested size: 94.35225pt x 99.371pt.

Overfull \hbox (14.93709pt too wide) in paragraph at lines 97--97
[][][]| 
 []

<10_7.png, id=215, 88.33pt x 79.29625pt>
File: 10_7.png Graphic file (type png)
 <use 10_7.png>
Package pdftex.def Info: 10_7.png used on input line 102.
(pdftex.def)             Requested size: 88.32977pt x 79.29604pt.

Overfull \hbox (14.93709pt too wide) in paragraph at lines 102--102
[][][]| 
 []

<10_8.png, id=216, 89.33376pt x 88.33pt>
File: 10_8.png Graphic file (type png)
 <use 10_8.png>
Package pdftex.def Info: 10_8.png used on input line 106.
(pdftex.def)             Requested size: 89.33353pt x 88.32977pt.

Overfull \hbox (14.93709pt too wide) in paragraph at lines 106--106
[][][]| 
 []

[33 <./27951.jpg> <./27885.jpg> <./10_4.jpg> <./10_5.jpg> <./10_6.png> <./10_7.
png>] <10_9.png, id=222, 109.40875pt x 86.3225pt>
File: 10_9.png Graphic file (type png)
 <use 10_9.png>
Package pdftex.def Info: 10_9.png used on input line 110.
(pdftex.def)             Requested size: 109.40846pt x 86.32227pt.

Overfull \hbox (14.93709pt too wide) in paragraph at lines 110--110
[][][]| 
 []

<10_10.png, id=223, 82.3075pt x 81.30376pt>
File: 10_10.png Graphic file (type png)
 <use 10_10.png>
Package pdftex.def Info: 10_10.png used on input line 115.
(pdftex.def)             Requested size: 82.30728pt x 81.30354pt.

Overfull \hbox (14.93709pt too wide) in paragraph at lines 115--115
[][][]| 
 []


Overfull \hbox (4.55862pt too wide) in paragraph at lines 119--119
[]\T2A/cmr/bx/n/12 10.| 
 []


Overfull \hbox (4.55862pt too wide) in paragraph at lines 138--138
[]\T2A/cmr/bx/n/12 11.| 
 []

<27454.jpg, id=224, 171.64125pt x 169.38281pt>
File: 27454.jpg Graphic file (type jpg)
 <use 27454.jpg>
Package pdftex.def Info: 27454.jpg used on input line 138.
(pdftex.def)             Requested size: 137.31316pt x 135.50642pt.

Overfull \hbox (14.93709pt too wide) in paragraph at lines 138--138
[][][]| 
 []


Overfull \hbox (4.55862pt too wide) in paragraph at lines 147--147
[]\T2A/cmr/bx/n/12 12.| 
 []


Overfull \hbox (4.55862pt too wide) in paragraph at lines 155--155
[]\T2A/cmr/bx/n/12 13.| 
 []


Overfull \hbox (4.55862pt too wide) in paragraph at lines 158--158
[]\T2A/cmr/bx/n/12 14.| 
 []


Overfull \hbox (4.55862pt too wide) in paragraph at lines 162--162
[]\T2A/cmr/bx/n/12 15.| 
 []


Overfull \hbox (4.55862pt too wide) in paragraph at lines 165--165
[]\T2A/cmr/bx/n/12 16.| 
 []


Overfull \hbox (4.55862pt too wide) in paragraph at lines 168--168
[]\T2A/cmr/bx/n/12 17.| 
 []


Overfull \hbox (4.55862pt too wide) in paragraph at lines 172--172
[]\T2A/cmr/bx/n/12 18.| 
 []


Overfull \hbox (4.55862pt too wide) in paragraph at lines 176--176
[]\T2A/cmr/bx/n/12 19.| 
 []


Overfull \hbox (4.55862pt too wide) in paragraph at lines 180--180
[]\T2A/cmr/bx/n/12 20.| 
 []

[34 <./10_8.png> <./10_9.png> <./10_10.png> <./27454.jpg>]
Overfull \hbox (4.55862pt too wide) in paragraph at lines 184--184
[]\T2A/cmr/bx/n/12 21.| 
 []


Overfull \hbox (4.55862pt too wide) in paragraph at lines 189--189
[]\T2A/cmr/bx/n/12 22.| 
 []


Overfull \hbox (4.55862pt too wide) in paragraph at lines 194--194
[]\T2A/cmr/bx/n/12 23.| 
 []


Underfull \hbox (badness 10000) in paragraph at lines 194--198
[][]
 []


Overfull \hbox (4.55862pt too wide) in paragraph at lines 198--198
[]\T2A/cmr/bx/n/12 24.| 
 []


Overfull \hbox (4.55862pt too wide) in paragraph at lines 203--203
[]\T2A/cmr/bx/n/12 25.| 
 []


Underfull \hbox (badness 10000) in paragraph at lines 203--207
[][]
 []


Overfull \hbox (4.55862pt too wide) in paragraph at lines 207--207
[]\T2A/cmr/bx/n/12 26.| 
 []


Overfull \hbox (4.55862pt too wide) in paragraph at lines 212--212
[]\T2A/cmr/bx/n/12 27.| 
 []


Underfull \hbox (badness 10000) in paragraph at lines 212--215
[][]
 []


Overfull \hbox (4.55862pt too wide) in paragraph at lines 215--215
[]\T2A/cmr/bx/n/12 28.| 
 []


Underfull \hbox (badness 10000) in paragraph at lines 215--218
[][]
 []


Overfull \hbox (4.55862pt too wide) in paragraph at lines 218--218
[]\T2A/cmr/bx/n/12 29.| 
 []


Overfull \hbox (4.55862pt too wide) in paragraph at lines 233--233
[]\T2A/cmr/bx/n/12 30.| 
 []


Overfull \hbox (4.55862pt too wide) in paragraph at lines 236--236
[]\T2A/cmr/bx/n/12 31.| 
 []


Underfull \hbox (badness 10000) in paragraph at lines 236--237
[][]
 []


Overfull \hbox (4.55862pt too wide) in paragraph at lines 237--237
[]\T2A/cmr/bx/n/12 32.| 
 []


Overfull \hbox (4.55862pt too wide) in paragraph at lines 240--240
[]\T2A/cmr/bx/n/12 33.| 
 []


Underfull \hbox (badness 10000) in paragraph at lines 240--242
[][]
 []


Overfull \hbox (4.55862pt too wide) in paragraph at lines 242--242
[]\T2A/cmr/bx/n/12 34.| 
 []


Overfull \hbox (4.55862pt too wide) in paragraph at lines 253--253
[]\T2A/cmr/bx/n/12 35.| 
 []


Underfull \hbox (badness 10000) in paragraph at lines 253--254
[][]
 []


Overfull \hbox (4.55862pt too wide) in paragraph at lines 254--254
[]\T2A/cmr/bx/n/12 36.| 
 []


Overfull \hbox (4.55862pt too wide) in paragraph at lines 259--259
[]\T2A/cmr/bx/n/12 37.| 
 []


Overfull \hbox (4.55862pt too wide) in paragraph at lines 261--261
[]\T2A/cmr/bx/n/12 38.| 
 []


Overfull \hbox (4.55862pt too wide) in paragraph at lines 268--268
[]\T2A/cmr/bx/n/12 39.| 
 []


Underfull \hbox (badness 10000) in paragraph at lines 268--270
[][]
 []

[35]
Overfull \hbox (4.55862pt too wide) in paragraph at lines 270--270
[]\T2A/cmr/bx/n/12 40.| 
 []


Overfull \hbox (4.55862pt too wide) in paragraph at lines 278--278
[]\T2A/cmr/bx/n/12 41.| 
 []


Overfull \hbox (4.55862pt too wide) in paragraph at lines 286--286
[]\T2A/cmr/bx/n/12 42.| 
 []


Underfull \hbox (badness 10000) in paragraph at lines 286--288
[][]
 []


Overfull \hbox (4.55862pt too wide) in paragraph at lines 288--288
[]\T2A/cmr/bx/n/12 43.| 
 []


Overfull \hbox (4.55862pt too wide) in paragraph at lines 292--292
[]\T2A/cmr/bx/n/12 44.| 
 []


Underfull \hbox (badness 10000) in paragraph at lines 292--294
[][]
 []


Overfull \hbox (4.55862pt too wide) in paragraph at lines 294--294
[]\T2A/cmr/bx/n/12 45.| 
 []


Underfull \hbox (badness 10000) in paragraph at lines 294--296
[][]
 []


Overfull \hbox (4.55862pt too wide) in paragraph at lines 296--296
[]\T2A/cmr/bx/n/12 46.| 
 []


Underfull \hbox (badness 10000) in paragraph at lines 296--298
[][]
 []


Overfull \hbox (4.55862pt too wide) in paragraph at lines 298--298
[]\T2A/cmr/bx/n/12 47.| 
 []


Underfull \hbox (badness 10000) in paragraph at lines 298--300
[][]
 []


Overfull \hbox (4.55862pt too wide) in paragraph at lines 300--300
[]\T2A/cmr/bx/n/12 48.| 
 []


Underfull \hbox (badness 10000) in paragraph at lines 300--302
[][]
 []


Overfull \hbox (4.55862pt too wide) in paragraph at lines 302--302
[]\T2A/cmr/bx/n/12 49.| 
 []


Overfull \hbox (4.55862pt too wide) in paragraph at lines 305--305
[]\T2A/cmr/bx/n/12 50.| 
 []

[36]
Overfull \hbox (4.55862pt too wide) in paragraph at lines 344--344
[]\T2A/cmr/bx/n/12 10.| 
 []


Overfull \hbox (4.55862pt too wide) in paragraph at lines 350--350
[]\T2A/cmr/bx/n/12 11.| 
 []


Overfull \hbox (4.55862pt too wide) in paragraph at lines 353--353
[]\T2A/cmr/bx/n/12 12.| 
 []


Overfull \hbox (4.55862pt too wide) in paragraph at lines 356--356
[]\T2A/cmr/bx/n/12 13.| 
 []


Overfull \hbox (4.55862pt too wide) in paragraph at lines 360--360
[]\T2A/cmr/bx/n/12 14.| 
 []


Overfull \hbox (4.55862pt too wide) in paragraph at lines 363--363
[]\T2A/cmr/bx/n/12 15.| 
 []


Overfull \hbox (4.55862pt too wide) in paragraph at lines 366--366
[]\T2A/cmr/bx/n/12 16.| 
 []


Overfull \hbox (4.55862pt too wide) in paragraph at lines 369--369
[]\T2A/cmr/bx/n/12 17.| 
 []


Overfull \hbox (4.55862pt too wide) in paragraph at lines 371--371
[]\T2A/cmr/bx/n/12 18.| 
 []


Overfull \hbox (4.55862pt too wide) in paragraph at lines 373--373
[]\T2A/cmr/bx/n/12 19.| 
 []


Overfull \hbox (4.55862pt too wide) in paragraph at lines 376--376
[]\T2A/cmr/bx/n/12 20.| 
 []

[37]
Overfull \hbox (4.55862pt too wide) in paragraph at lines 379--379
[]\T2A/cmr/bx/n/12 21.| 
 []


Overfull \hbox (4.55862pt too wide) in paragraph at lines 381--381
[]\T2A/cmr/bx/n/12 22.| 
 []


Overfull \hbox (4.55862pt too wide) in paragraph at lines 384--384
[]\T2A/cmr/bx/n/12 23.| 
 []


Underfull \hbox (badness 10000) in paragraph at lines 384--386
[][]
 []


Overfull \hbox (4.55862pt too wide) in paragraph at lines 386--386
[]\T2A/cmr/bx/n/12 24.| 
 []


Underfull \hbox (badness 10000) in paragraph at lines 386--387
[][]
 []


Overfull \hbox (4.55862pt too wide) in paragraph at lines 387--387
[]\T2A/cmr/bx/n/12 25.| 
 []


Overfull \hbox (4.55862pt too wide) in paragraph at lines 389--389
[]\T2A/cmr/bx/n/12 26.| 
 []


Overfull \hbox (4.55862pt too wide) in paragraph at lines 392--392
[]\T2A/cmr/bx/n/12 27.| 
 []


Overfull \hbox (4.55862pt too wide) in paragraph at lines 396--396
[]\T2A/cmr/bx/n/12 28.| 
 []


Underfull \hbox (badness 10000) in paragraph at lines 396--398
[][]
 []


Overfull \hbox (4.55862pt too wide) in paragraph at lines 398--398
[]\T2A/cmr/bx/n/12 29.| 
 []


Overfull \hbox (4.55862pt too wide) in paragraph at lines 401--401
[]\T2A/cmr/bx/n/12 30.| 
 []

) [38] (stem11.aux (test0.aux) (pt1.aux) (pt2.aux) (probability.aux) (geom1.aux
) (geom2.aux)) ) 
Here is how much of TeX's memory you used:
 4352 strings out of 493335
 55316 string characters out of 3128498
 127554 words of memory out of 3000000
 7544 multiletter control sequences out of 15000+200000
 16767 words of font info for 49 fonts, out of 3000000 for 9000
 1302 hyphenation exceptions out of 8191
 38i,24n,33p,662b,386s stack positions out of 5000i,500n,10000p,200000b,50000s
{C:/Users/r.alishev/AppData/Local/Programs/MiKTeX 2.9/fonts/enc
/dvips/cm-super/cm-super-t2a.enc}<C:/Users/r.alishev/AppData/Local/Programs/MiK
TeX 2.9/fonts/type1/public/amsfonts/cm/cmex10.pfb><C:/Users/r.alishev/AppData/L
ocal/Programs/MiKTeX 2.9/fonts/type1/public/amsfonts/cm/cmmi12.pfb><C:/Users/r.
alishev/AppData/Local/Programs/MiKTeX 2.9/fonts/type1/public/amsfonts/cm/cmmi8.
pfb><C:/Users/r.alishev/AppData/Local/Programs/MiKTeX 2.9/fonts/type1/public/am
sfonts/cm/cmr12.pfb><C:/Users/r.alishev/AppData/Local/Programs/MiKTeX 2.9/fonts
/type1/public/amsfonts/cm/cmr8.pfb><C:/Users/r.alishev/AppData/Local/Programs/M
iKTeX 2.9/fonts/type1/public/amsfonts/cm/cmsy10.pfb><C:/Users/r.alishev/AppData
/Local/Programs/MiKTeX 2.9/fonts/type1/public/amsfonts/cm/cmsy8.pfb><C:/Users/r
.alishev/AppData/Local/Programs/MiKTeX 2.9/fonts/type1/public/amsfonts/symbols/
msam10.pfb><C:/Users/r.alishev/AppData/Local/Programs/MiKTeX 2.9/fonts/type1/pu
blic/cm-super/sfbx1200.pfb><C:/Users/r.alishev/AppData/Local/Programs/MiKTeX 2.
9/fonts/type1/public/cm-super/sfcc1200.pfb><C:/Users/r.alishev/AppData/Local/Pr
ograms/MiKTeX 2.9/fonts/type1/public/cm-super/sfrm0900.pfb><C:/Users/r.alishev/
AppData/Local/Programs/MiKTeX 2.9/fonts/type1/public/cm-super/sfrm1000.pfb><C:/
Users/r.alishev/AppData/Local/Programs/MiKTeX 2.9/fonts/type1/public/cm-super/s
frm1200.pfb><C:/Users/r.alishev/AppData/Local/Programs/MiKTeX 2.9/fonts/type1/p
ublic/cm-super/sfti1000.pfb>
Output written on stem11.pdf (38 pages, 604864 bytes).
PDF statistics:
 291 PDF objects out of 1000 (max. 8388607)
 0 named destinations out of 1000 (max. 500000)
 311 words of extra memory for PDF output out of 10000 (max. 10000000)

